<?xml version="1.0" encoding="UTF-8"?>
<testsuite xmlns:xsi="http://www.w3.org/2001/XMLSchema-instance" xsi:noNamespaceSchemaLocation="https://maven.apache.org/surefire/maven-surefire-plugin/xsd/surefire-test-report-3.0.xsd" version="3.0" name="com.example.DiceGameBE.DiceGameBeApplicationTests" time="1.632" tests="1" errors="0" skipped="0" failures="0">
  <properties>
    <property name="java.specification.version" value="17"/>
    <property name="sun.jnu.encoding" value="UTF-8"/>
    <property name="java.class.path" value="/Users/artmusicrecords/IdeaProjects/DiceGameBE/target/test-classes:/Users/artmusicrecords/IdeaProjects/DiceGameBE/target/classes:/Users/artmusicrecords/.m2/repository/org/springframework/boot/spring-boot-starter-data-redis/3.1.1/spring-boot-starter-data-redis-3.1.1.jar:/Users/artmusicrecords/.m2/repository/org/springframework/boot/spring-boot-starter/3.1.1/spring-boot-starter-3.1.1.jar:/Users/artmusicrecords/.m2/repository/org/springframework/boot/spring-boot-autoconfigure/3.1.1/spring-boot-autoconfigure-3.1.1.jar:/Users/artmusicrecords/.m2/repository/org/springframework/boot/spring-boot-starter-logging/3.1.1/spring-boot-starter-logging-3.1.1.jar:/Users/artmusicrecords/.m2/repository/ch/qos/logback/logback-classic/1.4.8/logback-classic-1.4.8.jar:/Users/artmusicrecords/.m2/repository/ch/qos/logback/logback-core/1.4.8/logback-core-1.4.8.jar:/Users/artmusicrecords/.m2/repository/org/apache/logging/log4j/log4j-to-slf4j/2.20.0/log4j-to-slf4j-2.20.0.jar:/Users/artmusicrecords/.m2/repository/org/apache/logging/log4j/log4j-api/2.20.0/log4j-api-2.20.0.jar:/Users/artmusicrecords/.m2/repository/org/slf4j/jul-to-slf4j/2.0.7/jul-to-slf4j-2.0.7.jar:/Users/artmusicrecords/.m2/repository/jakarta/annotation/jakarta.annotation-api/2.1.1/jakarta.annotation-api-2.1.1.jar:/Users/artmusicrecords/.m2/repository/org/yaml/snakeyaml/1.33/snakeyaml-1.33.jar:/Users/artmusicrecords/.m2/repository/org/springframework/data/spring-data-redis/3.1.1/spring-data-redis-3.1.1.jar:/Users/artmusicrecords/.m2/repository/org/springframework/data/spring-data-keyvalue/3.1.1/spring-data-keyvalue-3.1.1.jar:/Users/artmusicrecords/.m2/repository/org/springframework/data/spring-data-commons/3.1.1/spring-data-commons-3.1.1.jar:/Users/artmusicrecords/.m2/repository/org/springframework/spring-tx/6.0.10/spring-tx-6.0.10.jar:/Users/artmusicrecords/.m2/repository/org/springframework/spring-oxm/6.0.10/spring-oxm-6.0.10.jar:/Users/artmusicrecords/.m2/repository/org/springframework/spring-context-support/6.0.10/spring-context-support-6.0.10.jar:/Users/artmusicrecords/.m2/repository/io/lettuce/lettuce-core/6.2.4.RELEASE/lettuce-core-6.2.4.RELEASE.jar:/Users/artmusicrecords/.m2/repository/io/netty/netty-common/4.1.94.Final/netty-common-4.1.94.Final.jar:/Users/artmusicrecords/.m2/repository/io/netty/netty-handler/4.1.94.Final/netty-handler-4.1.94.Final.jar:/Users/artmusicrecords/.m2/repository/io/netty/netty-resolver/4.1.94.Final/netty-resolver-4.1.94.Final.jar:/Users/artmusicrecords/.m2/repository/io/netty/netty-buffer/4.1.94.Final/netty-buffer-4.1.94.Final.jar:/Users/artmusicrecords/.m2/repository/io/netty/netty-transport-native-unix-common/4.1.94.Final/netty-transport-native-unix-common-4.1.94.Final.jar:/Users/artmusicrecords/.m2/repository/io/netty/netty-codec/4.1.94.Final/netty-codec-4.1.94.Final.jar:/Users/artmusicrecords/.m2/repository/io/netty/netty-transport/4.1.94.Final/netty-transport-4.1.94.Final.jar:/Users/artmusicrecords/.m2/repository/io/projectreactor/reactor-core/3.5.7/reactor-core-3.5.7.jar:/Users/artmusicrecords/.m2/repository/org/reactivestreams/reactive-streams/1.0.4/reactive-streams-1.0.4.jar:/Users/artmusicrecords/.m2/repository/redis/clients/jedis/4.3.2/jedis-4.3.2.jar:/Users/artmusicrecords/.m2/repository/org/slf4j/slf4j-api/2.0.7/slf4j-api-2.0.7.jar:/Users/artmusicrecords/.m2/repository/org/apache/commons/commons-pool2/2.11.1/commons-pool2-2.11.1.jar:/Users/artmusicrecords/.m2/repository/org/json/json/20220320/json-20220320.jar:/Users/artmusicrecords/.m2/repository/com/google/code/gson/gson/2.10.1/gson-2.10.1.jar:/Users/artmusicrecords/.m2/repository/org/springframework/boot/spring-boot-starter-security/3.1.1/spring-boot-starter-security-3.1.1.jar:/Users/artmusicrecords/.m2/repository/org/springframework/spring-aop/6.0.10/spring-aop-6.0.10.jar:/Users/artmusicrecords/.m2/repository/org/springframework/spring-beans/6.0.10/spring-beans-6.0.10.jar:/Users/artmusicrecords/.m2/repository/org/springframework/security/spring-security-config/6.1.1/spring-security-config-6.1.1.jar:/Users/artmusicrecords/.m2/repository/org/springframework/spring-context/6.0.10/spring-context-6.0.10.jar:/Users/artmusicrecords/.m2/repository/org/springframework/security/spring-security-web/6.1.1/spring-security-web-6.1.1.jar:/Users/artmusicrecords/.m2/repository/org/springframework/spring-expression/6.0.10/spring-expression-6.0.10.jar:/Users/artmusicrecords/.m2/repository/org/springframework/boot/spring-boot-starter-web/3.1.1/spring-boot-starter-web-3.1.1.jar:/Users/artmusicrecords/.m2/repository/org/springframework/boot/spring-boot-starter-json/3.1.1/spring-boot-starter-json-3.1.1.jar:/Users/artmusicrecords/.m2/repository/com/fasterxml/jackson/datatype/jackson-datatype-jdk8/2.15.2/jackson-datatype-jdk8-2.15.2.jar:/Users/artmusicrecords/.m2/repository/com/fasterxml/jackson/datatype/jackson-datatype-jsr310/2.15.2/jackson-datatype-jsr310-2.15.2.jar:/Users/artmusicrecords/.m2/repository/org/springframework/boot/spring-boot-starter-tomcat/3.1.1/spring-boot-starter-tomcat-3.1.1.jar:/Users/artmusicrecords/.m2/repository/org/apache/tomcat/embed/tomcat-embed-core/10.1.10/tomcat-embed-core-10.1.10.jar:/Users/artmusicrecords/.m2/repository/org/apache/tomcat/embed/tomcat-embed-el/10.1.10/tomcat-embed-el-10.1.10.jar:/Users/artmusicrecords/.m2/repository/org/apache/tomcat/embed/tomcat-embed-websocket/10.1.10/tomcat-embed-websocket-10.1.10.jar:/Users/artmusicrecords/.m2/repository/org/springframework/spring-web/6.0.10/spring-web-6.0.10.jar:/Users/artmusicrecords/.m2/repository/io/micrometer/micrometer-observation/1.11.1/micrometer-observation-1.11.1.jar:/Users/artmusicrecords/.m2/repository/io/micrometer/micrometer-commons/1.11.1/micrometer-commons-1.11.1.jar:/Users/artmusicrecords/.m2/repository/org/springframework/spring-webmvc/6.0.10/spring-webmvc-6.0.10.jar:/Users/artmusicrecords/.m2/repository/org/springframework/session/spring-session-data-redis/3.1.1/spring-session-data-redis-3.1.1.jar:/Users/artmusicrecords/.m2/repository/org/springframework/session/spring-session-core/3.1.1/spring-session-core-3.1.1.jar:/Users/artmusicrecords/.m2/repository/org/springframework/spring-jcl/6.0.10/spring-jcl-6.0.10.jar:/Users/artmusicrecords/.m2/repository/com/fasterxml/jackson/core/jackson-databind/2.15.2/jackson-databind-2.15.2.jar:/Users/artmusicrecords/.m2/repository/com/fasterxml/jackson/core/jackson-annotations/2.15.2/jackson-annotations-2.15.2.jar:/Users/artmusicrecords/.m2/repository/com/fasterxml/jackson/core/jackson-core/2.15.2/jackson-core-2.15.2.jar:/Users/artmusicrecords/.m2/repository/org/springframework/boot/spring-boot-docker-compose/3.1.1/spring-boot-docker-compose-3.1.1.jar:/Users/artmusicrecords/.m2/repository/org/springframework/boot/spring-boot/3.1.1/spring-boot-3.1.1.jar:/Users/artmusicrecords/.m2/repository/com/fasterxml/jackson/module/jackson-module-parameter-names/2.15.2/jackson-module-parameter-names-2.15.2.jar:/Users/artmusicrecords/.m2/repository/org/projectlombok/lombok/1.18.28/lombok-1.18.28.jar:/Users/artmusicrecords/.m2/repository/org/springframework/boot/spring-boot-starter-test/3.1.1/spring-boot-starter-test-3.1.1.jar:/Users/artmusicrecords/.m2/repository/org/springframework/boot/spring-boot-test/3.1.1/spring-boot-test-3.1.1.jar:/Users/artmusicrecords/.m2/repository/org/springframework/boot/spring-boot-test-autoconfigure/3.1.1/spring-boot-test-autoconfigure-3.1.1.jar:/Users/artmusicrecords/.m2/repository/com/jayway/jsonpath/json-path/2.8.0/json-path-2.8.0.jar:/Users/artmusicrecords/.m2/repository/jakarta/xml/bind/jakarta.xml.bind-api/4.0.0/jakarta.xml.bind-api-4.0.0.jar:/Users/artmusicrecords/.m2/repository/jakarta/activation/jakarta.activation-api/2.1.2/jakarta.activation-api-2.1.2.jar:/Users/artmusicrecords/.m2/repository/net/minidev/json-smart/2.4.11/json-smart-2.4.11.jar:/Users/artmusicrecords/.m2/repository/net/minidev/accessors-smart/2.4.11/accessors-smart-2.4.11.jar:/Users/artmusicrecords/.m2/repository/org/ow2/asm/asm/9.3/asm-9.3.jar:/Users/artmusicrecords/.m2/repository/org/assertj/assertj-core/3.24.2/assertj-core-3.24.2.jar:/Users/artmusicrecords/.m2/repository/net/bytebuddy/byte-buddy/1.14.5/byte-buddy-1.14.5.jar:/Users/artmusicrecords/.m2/repository/org/hamcrest/hamcrest/2.2/hamcrest-2.2.jar:/Users/artmusicrecords/.m2/repository/org/junit/jupiter/junit-jupiter/5.9.3/junit-jupiter-5.9.3.jar:/Users/artmusicrecords/.m2/repository/org/junit/jupiter/junit-jupiter-api/5.9.3/junit-jupiter-api-5.9.3.jar:/Users/artmusicrecords/.m2/repository/org/opentest4j/opentest4j/1.2.0/opentest4j-1.2.0.jar:/Users/artmusicrecords/.m2/repository/org/junit/platform/junit-platform-commons/1.9.3/junit-platform-commons-1.9.3.jar:/Users/artmusicrecords/.m2/repository/org/apiguardian/apiguardian-api/1.1.2/apiguardian-api-1.1.2.jar:/Users/artmusicrecords/.m2/repository/org/junit/jupiter/junit-jupiter-params/5.9.3/junit-jupiter-params-5.9.3.jar:/Users/artmusicrecords/.m2/repository/org/junit/jupiter/junit-jupiter-engine/5.9.3/junit-jupiter-engine-5.9.3.jar:/Users/artmusicrecords/.m2/repository/org/junit/platform/junit-platform-engine/1.9.3/junit-platform-engine-1.9.3.jar:/Users/artmusicrecords/.m2/repository/org/mockito/mockito-core/5.3.1/mockito-core-5.3.1.jar:/Users/artmusicrecords/.m2/repository/net/bytebuddy/byte-buddy-agent/1.14.5/byte-buddy-agent-1.14.5.jar:/Users/artmusicrecords/.m2/repository/org/objenesis/objenesis/3.3/objenesis-3.3.jar:/Users/artmusicrecords/.m2/repository/org/mockito/mockito-junit-jupiter/5.3.1/mockito-junit-jupiter-5.3.1.jar:/Users/artmusicrecords/.m2/repository/org/skyscreamer/jsonassert/1.5.1/jsonassert-1.5.1.jar:/Users/artmusicrecords/.m2/repository/com/vaadin/external/google/android-json/0.0.20131108.vaadin1/android-json-0.0.20131108.vaadin1.jar:/Users/artmusicrecords/.m2/repository/org/springframework/spring-core/6.0.10/spring-core-6.0.10.jar:/Users/artmusicrecords/.m2/repository/org/springframework/spring-test/6.0.10/spring-test-6.0.10.jar:/Users/artmusicrecords/.m2/repository/org/xmlunit/xmlunit-core/2.9.1/xmlunit-core-2.9.1.jar:/Users/artmusicrecords/.m2/repository/org/springframework/security/spring-security-test/6.1.1/spring-security-test-6.1.1.jar:/Users/artmusicrecords/.m2/repository/org/springframework/security/spring-security-core/6.1.1/spring-security-core-6.1.1.jar:/Users/artmusicrecords/.m2/repository/org/springframework/security/spring-security-crypto/6.1.1/spring-security-crypto-6.1.1.jar:"/>
    <property name="java.vm.vendor" value="Amazon.com Inc."/>
    <property name="sun.arch.data.model" value="64"/>
    <property name="java.vendor.url" value="https://aws.amazon.com/corretto/"/>
    <property name="user.timezone" value="Europe/Warsaw"/>
    <property name="os.name" value="Mac OS X"/>
    <property name="java.vm.specification.version" value="17"/>
    <property name="sun.java.launcher" value="SUN_STANDARD"/>
    <property name="user.country" value="PL"/>
    <property name="sun.boot.library.path" value="/Users/artmusicrecords/Library/Java/JavaVirtualMachines/corretto-17.0.4.1/Contents/Home/lib"/>
    <property name="sun.java.command" value="/Users/artmusicrecords/IdeaProjects/DiceGameBE/target/surefire/surefirebooter-20230720122417815_3.jar /Users/artmusicrecords/IdeaProjects/DiceGameBE/target/surefire 2023-07-20T12-24-17_768-jvmRun1 surefire-20230720122417815_1tmp surefire_0-20230720122417815_2tmp"/>
    <property name="http.nonProxyHosts" value="local|*.local|169.254/16|*.169.254/16"/>
    <property name="jdk.debug" value="release"/>
    <property name="surefire.test.class.path" value="/Users/artmusicrecords/IdeaProjects/DiceGameBE/target/test-classes:/Users/artmusicrecords/IdeaProjects/DiceGameBE/target/classes:/Users/artmusicrecords/.m2/repository/org/springframework/boot/spring-boot-starter-data-redis/3.1.1/spring-boot-starter-data-redis-3.1.1.jar:/Users/artmusicrecords/.m2/repository/org/springframework/boot/spring-boot-starter/3.1.1/spring-boot-starter-3.1.1.jar:/Users/artmusicrecords/.m2/repository/org/springframework/boot/spring-boot-autoconfigure/3.1.1/spring-boot-autoconfigure-3.1.1.jar:/Users/artmusicrecords/.m2/repository/org/springframework/boot/spring-boot-starter-logging/3.1.1/spring-boot-starter-logging-3.1.1.jar:/Users/artmusicrecords/.m2/repository/ch/qos/logback/logback-classic/1.4.8/logback-classic-1.4.8.jar:/Users/artmusicrecords/.m2/repository/ch/qos/logback/logback-core/1.4.8/logback-core-1.4.8.jar:/Users/artmusicrecords/.m2/repository/org/apache/logging/log4j/log4j-to-slf4j/2.20.0/log4j-to-slf4j-2.20.0.jar:/Users/artmusicrecords/.m2/repository/org/apache/logging/log4j/log4j-api/2.20.0/log4j-api-2.20.0.jar:/Users/artmusicrecords/.m2/repository/org/slf4j/jul-to-slf4j/2.0.7/jul-to-slf4j-2.0.7.jar:/Users/artmusicrecords/.m2/repository/jakarta/annotation/jakarta.annotation-api/2.1.1/jakarta.annotation-api-2.1.1.jar:/Users/artmusicrecords/.m2/repository/org/yaml/snakeyaml/1.33/snakeyaml-1.33.jar:/Users/artmusicrecords/.m2/repository/org/springframework/data/spring-data-redis/3.1.1/spring-data-redis-3.1.1.jar:/Users/artmusicrecords/.m2/repository/org/springframework/data/spring-data-keyvalue/3.1.1/spring-data-keyvalue-3.1.1.jar:/Users/artmusicrecords/.m2/repository/org/springframework/data/spring-data-commons/3.1.1/spring-data-commons-3.1.1.jar:/Users/artmusicrecords/.m2/repository/org/springframework/spring-tx/6.0.10/spring-tx-6.0.10.jar:/Users/artmusicrecords/.m2/repository/org/springframework/spring-oxm/6.0.10/spring-oxm-6.0.10.jar:/Users/artmusicrecords/.m2/repository/org/springframework/spring-context-support/6.0.10/spring-context-support-6.0.10.jar:/Users/artmusicrecords/.m2/repository/io/lettuce/lettuce-core/6.2.4.RELEASE/lettuce-core-6.2.4.RELEASE.jar:/Users/artmusicrecords/.m2/repository/io/netty/netty-common/4.1.94.Final/netty-common-4.1.94.Final.jar:/Users/artmusicrecords/.m2/repository/io/netty/netty-handler/4.1.94.Final/netty-handler-4.1.94.Final.jar:/Users/artmusicrecords/.m2/repository/io/netty/netty-resolver/4.1.94.Final/netty-resolver-4.1.94.Final.jar:/Users/artmusicrecords/.m2/repository/io/netty/netty-buffer/4.1.94.Final/netty-buffer-4.1.94.Final.jar:/Users/artmusicrecords/.m2/repository/io/netty/netty-transport-native-unix-common/4.1.94.Final/netty-transport-native-unix-common-4.1.94.Final.jar:/Users/artmusicrecords/.m2/repository/io/netty/netty-codec/4.1.94.Final/netty-codec-4.1.94.Final.jar:/Users/artmusicrecords/.m2/repository/io/netty/netty-transport/4.1.94.Final/netty-transport-4.1.94.Final.jar:/Users/artmusicrecords/.m2/repository/io/projectreactor/reactor-core/3.5.7/reactor-core-3.5.7.jar:/Users/artmusicrecords/.m2/repository/org/reactivestreams/reactive-streams/1.0.4/reactive-streams-1.0.4.jar:/Users/artmusicrecords/.m2/repository/redis/clients/jedis/4.3.2/jedis-4.3.2.jar:/Users/artmusicrecords/.m2/repository/org/slf4j/slf4j-api/2.0.7/slf4j-api-2.0.7.jar:/Users/artmusicrecords/.m2/repository/org/apache/commons/commons-pool2/2.11.1/commons-pool2-2.11.1.jar:/Users/artmusicrecords/.m2/repository/org/json/json/20220320/json-20220320.jar:/Users/artmusicrecords/.m2/repository/com/google/code/gson/gson/2.10.1/gson-2.10.1.jar:/Users/artmusicrecords/.m2/repository/org/springframework/boot/spring-boot-starter-security/3.1.1/spring-boot-starter-security-3.1.1.jar:/Users/artmusicrecords/.m2/repository/org/springframework/spring-aop/6.0.10/spring-aop-6.0.10.jar:/Users/artmusicrecords/.m2/repository/org/springframework/spring-beans/6.0.10/spring-beans-6.0.10.jar:/Users/artmusicrecords/.m2/repository/org/springframework/security/spring-security-config/6.1.1/spring-security-config-6.1.1.jar:/Users/artmusicrecords/.m2/repository/org/springframework/spring-context/6.0.10/spring-context-6.0.10.jar:/Users/artmusicrecords/.m2/repository/org/springframework/security/spring-security-web/6.1.1/spring-security-web-6.1.1.jar:/Users/artmusicrecords/.m2/repository/org/springframework/spring-expression/6.0.10/spring-expression-6.0.10.jar:/Users/artmusicrecords/.m2/repository/org/springframework/boot/spring-boot-starter-web/3.1.1/spring-boot-starter-web-3.1.1.jar:/Users/artmusicrecords/.m2/repository/org/springframework/boot/spring-boot-starter-json/3.1.1/spring-boot-starter-json-3.1.1.jar:/Users/artmusicrecords/.m2/repository/com/fasterxml/jackson/datatype/jackson-datatype-jdk8/2.15.2/jackson-datatype-jdk8-2.15.2.jar:/Users/artmusicrecords/.m2/repository/com/fasterxml/jackson/datatype/jackson-datatype-jsr310/2.15.2/jackson-datatype-jsr310-2.15.2.jar:/Users/artmusicrecords/.m2/repository/org/springframework/boot/spring-boot-starter-tomcat/3.1.1/spring-boot-starter-tomcat-3.1.1.jar:/Users/artmusicrecords/.m2/repository/org/apache/tomcat/embed/tomcat-embed-core/10.1.10/tomcat-embed-core-10.1.10.jar:/Users/artmusicrecords/.m2/repository/org/apache/tomcat/embed/tomcat-embed-el/10.1.10/tomcat-embed-el-10.1.10.jar:/Users/artmusicrecords/.m2/repository/org/apache/tomcat/embed/tomcat-embed-websocket/10.1.10/tomcat-embed-websocket-10.1.10.jar:/Users/artmusicrecords/.m2/repository/org/springframework/spring-web/6.0.10/spring-web-6.0.10.jar:/Users/artmusicrecords/.m2/repository/io/micrometer/micrometer-observation/1.11.1/micrometer-observation-1.11.1.jar:/Users/artmusicrecords/.m2/repository/io/micrometer/micrometer-commons/1.11.1/micrometer-commons-1.11.1.jar:/Users/artmusicrecords/.m2/repository/org/springframework/spring-webmvc/6.0.10/spring-webmvc-6.0.10.jar:/Users/artmusicrecords/.m2/repository/org/springframework/session/spring-session-data-redis/3.1.1/spring-session-data-redis-3.1.1.jar:/Users/artmusicrecords/.m2/repository/org/springframework/session/spring-session-core/3.1.1/spring-session-core-3.1.1.jar:/Users/artmusicrecords/.m2/repository/org/springframework/spring-jcl/6.0.10/spring-jcl-6.0.10.jar:/Users/artmusicrecords/.m2/repository/com/fasterxml/jackson/core/jackson-databind/2.15.2/jackson-databind-2.15.2.jar:/Users/artmusicrecords/.m2/repository/com/fasterxml/jackson/core/jackson-annotations/2.15.2/jackson-annotations-2.15.2.jar:/Users/artmusicrecords/.m2/repository/com/fasterxml/jackson/core/jackson-core/2.15.2/jackson-core-2.15.2.jar:/Users/artmusicrecords/.m2/repository/org/springframework/boot/spring-boot-docker-compose/3.1.1/spring-boot-docker-compose-3.1.1.jar:/Users/artmusicrecords/.m2/repository/org/springframework/boot/spring-boot/3.1.1/spring-boot-3.1.1.jar:/Users/artmusicrecords/.m2/repository/com/fasterxml/jackson/module/jackson-module-parameter-names/2.15.2/jackson-module-parameter-names-2.15.2.jar:/Users/artmusicrecords/.m2/repository/org/projectlombok/lombok/1.18.28/lombok-1.18.28.jar:/Users/artmusicrecords/.m2/repository/org/springframework/boot/spring-boot-starter-test/3.1.1/spring-boot-starter-test-3.1.1.jar:/Users/artmusicrecords/.m2/repository/org/springframework/boot/spring-boot-test/3.1.1/spring-boot-test-3.1.1.jar:/Users/artmusicrecords/.m2/repository/org/springframework/boot/spring-boot-test-autoconfigure/3.1.1/spring-boot-test-autoconfigure-3.1.1.jar:/Users/artmusicrecords/.m2/repository/com/jayway/jsonpath/json-path/2.8.0/json-path-2.8.0.jar:/Users/artmusicrecords/.m2/repository/jakarta/xml/bind/jakarta.xml.bind-api/4.0.0/jakarta.xml.bind-api-4.0.0.jar:/Users/artmusicrecords/.m2/repository/jakarta/activation/jakarta.activation-api/2.1.2/jakarta.activation-api-2.1.2.jar:/Users/artmusicrecords/.m2/repository/net/minidev/json-smart/2.4.11/json-smart-2.4.11.jar:/Users/artmusicrecords/.m2/repository/net/minidev/accessors-smart/2.4.11/accessors-smart-2.4.11.jar:/Users/artmusicrecords/.m2/repository/org/ow2/asm/asm/9.3/asm-9.3.jar:/Users/artmusicrecords/.m2/repository/org/assertj/assertj-core/3.24.2/assertj-core-3.24.2.jar:/Users/artmusicrecords/.m2/repository/net/bytebuddy/byte-buddy/1.14.5/byte-buddy-1.14.5.jar:/Users/artmusicrecords/.m2/repository/org/hamcrest/hamcrest/2.2/hamcrest-2.2.jar:/Users/artmusicrecords/.m2/repository/org/junit/jupiter/junit-jupiter/5.9.3/junit-jupiter-5.9.3.jar:/Users/artmusicrecords/.m2/repository/org/junit/jupiter/junit-jupiter-api/5.9.3/junit-jupiter-api-5.9.3.jar:/Users/artmusicrecords/.m2/repository/org/opentest4j/opentest4j/1.2.0/opentest4j-1.2.0.jar:/Users/artmusicrecords/.m2/repository/org/junit/platform/junit-platform-commons/1.9.3/junit-platform-commons-1.9.3.jar:/Users/artmusicrecords/.m2/repository/org/apiguardian/apiguardian-api/1.1.2/apiguardian-api-1.1.2.jar:/Users/artmusicrecords/.m2/repository/org/junit/jupiter/junit-jupiter-params/5.9.3/junit-jupiter-params-5.9.3.jar:/Users/artmusicrecords/.m2/repository/org/junit/jupiter/junit-jupiter-engine/5.9.3/junit-jupiter-engine-5.9.3.jar:/Users/artmusicrecords/.m2/repository/org/junit/platform/junit-platform-engine/1.9.3/junit-platform-engine-1.9.3.jar:/Users/artmusicrecords/.m2/repository/org/mockito/mockito-core/5.3.1/mockito-core-5.3.1.jar:/Users/artmusicrecords/.m2/repository/net/bytebuddy/byte-buddy-agent/1.14.5/byte-buddy-agent-1.14.5.jar:/Users/artmusicrecords/.m2/repository/org/objenesis/objenesis/3.3/objenesis-3.3.jar:/Users/artmusicrecords/.m2/repository/org/mockito/mockito-junit-jupiter/5.3.1/mockito-junit-jupiter-5.3.1.jar:/Users/artmusicrecords/.m2/repository/org/skyscreamer/jsonassert/1.5.1/jsonassert-1.5.1.jar:/Users/artmusicrecords/.m2/repository/com/vaadin/external/google/android-json/0.0.20131108.vaadin1/android-json-0.0.20131108.vaadin1.jar:/Users/artmusicrecords/.m2/repository/org/springframework/spring-core/6.0.10/spring-core-6.0.10.jar:/Users/artmusicrecords/.m2/repository/org/springframework/spring-test/6.0.10/spring-test-6.0.10.jar:/Users/artmusicrecords/.m2/repository/org/xmlunit/xmlunit-core/2.9.1/xmlunit-core-2.9.1.jar:/Users/artmusicrecords/.m2/repository/org/springframework/security/spring-security-test/6.1.1/spring-security-test-6.1.1.jar:/Users/artmusicrecords/.m2/repository/org/springframework/security/spring-security-core/6.1.1/spring-security-core-6.1.1.jar:/Users/artmusicrecords/.m2/repository/org/springframework/security/spring-security-crypto/6.1.1/spring-security-crypto-6.1.1.jar:"/>
    <property name="sun.cpu.endian" value="little"/>
    <property name="user.home" value="/Users/artmusicrecords"/>
    <property name="user.language" value="pl"/>
    <property name="java.specification.vendor" value="Oracle Corporation"/>
    <property name="java.version.date" value="2022-08-12"/>
    <property name="java.home" value="/Users/artmusicrecords/Library/Java/JavaVirtualMachines/corretto-17.0.4.1/Contents/Home"/>
    <property name="file.separator" value="/"/>
    <property name="basedir" value="/Users/artmusicrecords/IdeaProjects/DiceGameBE"/>
    <property name="java.vm.compressedOopsMode" value="Zero based"/>
    <property name="line.separator" value="&#10;"/>
    <property name="java.vm.specification.vendor" value="Oracle Corporation"/>
    <property name="java.specification.name" value="Java Platform API Specification"/>
    <property name="FILE_LOG_CHARSET" value="UTF-8"/>
    <property name="java.awt.headless" value="true"/>
    <property name="surefire.real.class.path" value="/Users/artmusicrecords/IdeaProjects/DiceGameBE/target/surefire/surefirebooter-20230720122417815_3.jar"/>
    <property name="sun.management.compiler" value="HotSpot 64-Bit Tiered Compilers"/>
    <property name="ftp.nonProxyHosts" value="local|*.local|169.254/16|*.169.254/16"/>
    <property name="java.runtime.version" value="17.0.4.1+9-LTS"/>
    <property name="user.name" value="artmusicrecords"/>
    <property name="path.separator" value=":"/>
    <property name="os.version" value="12.5.1"/>
    <property name="java.runtime.name" value="OpenJDK Runtime Environment"/>
    <property name="file.encoding" value="UTF-8"/>
    <property name="java.vm.name" value="OpenJDK 64-Bit Server VM"/>
    <property name="java.vendor.version" value="Corretto-17.0.4.9.1"/>
    <property name="localRepository" value="/Users/artmusicrecords/.m2/repository"/>
    <property name="java.vendor.url.bug" value="https://github.com/corretto/corretto-17/issues/"/>
    <property name="java.io.tmpdir" value="/var/folders/dw/88bzbb6n3z76j14k1qh2h5_r0000gn/T/"/>
    <property name="idea.version" value="2022.2.1"/>
    <property name="java.version" value="17.0.4.1"/>
    <property name="user.dir" value="/Users/artmusicrecords/IdeaProjects/DiceGameBE"/>
    <property name="os.arch" value="aarch64"/>
    <property name="java.vm.specification.name" value="Java Virtual Machine Specification"/>
    <property name="PID" value="2273"/>
    <property name="CONSOLE_LOG_CHARSET" value="UTF-8"/>
    <property name="native.encoding" value="UTF-8"/>
    <property name="java.library.path" value="/Users/artmusicrecords/Library/Java/Extensions:/Library/Java/Extensions:/Network/Library/Java/Extensions:/System/Library/Java/Extensions:/usr/lib/java:."/>
    <property name="java.vm.info" value="mixed mode, sharing"/>
    <property name="java.vendor" value="Amazon.com Inc."/>
    <property name="java.vm.version" value="17.0.4.1+9-LTS"/>
    <property name="sun.io.unicode.encoding" value="UnicodeBig"/>
    <property name="socksNonProxyHosts" value="local|*.local|169.254/16|*.169.254/16"/>
    <property name="java.class.version" value="61.0"/>
  </properties>
  <testcase name="contextLoads" classname="com.example.DiceGameBE.DiceGameBeApplicationTests" time="0.393">
    <system-out><![CDATA[12:24:18.126 [main] INFO org.springframework.test.context.support.AnnotationConfigContextLoaderUtils -- Could not detect default configuration classes for test class [com.example.DiceGameBE.DiceGameBeApplicationTests]: DiceGameBeApplicationTests does not declare any static, non-private, non-final, nested classes annotated with @Configuration.
12:24:18.165 [main] INFO org.springframework.boot.test.context.SpringBootTestContextBootstrapper -- Found @SpringBootConfiguration com.example.DiceGameBE.DiceGameBeApplication for test class com.example.DiceGameBE.DiceGameBeApplicationTests

  .   ____          _            __ _ _
 /\\ / ___'_ __ _ _(_)_ __  __ _ \ \ \ \
( ( )\___ | '_ | '_| | '_ \/ _` | \ \ \ \
 \\/  ___)| |_)| | | | | || (_| |  ) ) ) )
  '  |____| .__|_| |_|_| |_\__, | / / / /
 =========|_|==============|___/=/_/_/_/
 :: Spring Boot ::                (v3.1.1)

2023-07-20T12:24:18.309+02:00  WARN 2273 --- [           main] ory$DuplicateJsonObjectContextCustomizer : 

Found multiple occurrences of org.json.JSONObject on the class path:

	jar:file:/Users/artmusicrecords/.m2/repository/org/json/json/20220320/json-20220320.jar!/org/json/JSONObject.class
	jar:file:/Users/artmusicrecords/.m2/repository/com/vaadin/external/google/android-json/0.0.20131108.vaadin1/android-json-0.0.20131108.vaadin1.jar!/org/json/JSONObject.class

You may wish to exclude one of them to ensure predictable runtime behavior

2023-07-20T12:24:18.316+02:00  INFO 2273 --- [           main] c.e.D.DiceGameBeApplicationTests         : Starting DiceGameBeApplicationTests using Java 17.0.4.1 with PID 2273 (started by artmusicrecords in /Users/artmusicrecords/IdeaProjects/DiceGameBE)
2023-07-20T12:24:18.317+02:00  INFO 2273 --- [           main] c.e.D.DiceGameBeApplicationTests         : No active profile set, falling back to 1 default profile: "default"
2023-07-20T12:24:18.601+02:00  INFO 2273 --- [           main] .s.d.r.c.RepositoryConfigurationDelegate : Multiple Spring Data modules found, entering strict repository configuration mode
2023-07-20T12:24:18.602+02:00  INFO 2273 --- [           main] .s.d.r.c.RepositoryConfigurationDelegate : Bootstrapping Spring Data Redis repositories in DEFAULT mode.
2023-07-20T12:24:18.616+02:00  INFO 2273 --- [           main] .s.d.r.c.RepositoryConfigurationDelegate : Finished Spring Data repository scanning in 7 ms. Found 0 Redis repository interfaces.
2023-07-20T12:24:18.885+02:00  WARN 2273 --- [           main] .s.s.UserDetailsServiceAutoConfiguration : 

Using generated security password: 19c6a7e8-f6c9-4abf-ba0b-ae43f12d5b0c

This generated password is for development use only. Your security configuration must be updated before running your application in production.

2023-07-20T12:24:18.942+02:00  INFO 2273 --- [           main] o.s.s.web.DefaultSecurityFilterChain     : Will secure any request with [org.springframework.security.web.session.DisableEncodeUrlFilter@76437e9b, org.springframework.security.web.context.request.async.WebAsyncManagerIntegrationFilter@236ae13d, org.springframework.security.web.context.SecurityContextHolderFilter@11d4d979, org.springframework.security.web.header.HeaderWriterFilter@48581a3b, org.springframework.security.web.csrf.CsrfFilter@1953bc95, org.springframework.security.web.authentication.logout.LogoutFilter@2eb60c71, org.springframework.security.web.authentication.www.BasicAuthenticationFilter@52d0f583, org.springframework.security.web.savedrequest.RequestCacheAwareFilter@3c25cfe1, org.springframework.security.web.servletapi.SecurityContextHolderAwareRequestFilter@db99785, org.springframework.security.web.authentication.AnonymousAuthenticationFilter@193eb1ba, org.springframework.security.web.access.ExceptionTranslationFilter@16e99306, org.springframework.security.web.access.intercept.AuthorizationFilter@49edcb30]
2023-07-20T12:24:19.254+02:00  WARN 2273 --- [           main] o.s.s.c.a.web.builders.WebSecurity       : You are asking Spring Security to ignore Mvc [pattern='/start-game']. This is not recommended -- please use permitAll via HttpSecurity#authorizeHttpRequests instead.
2023-07-20T12:24:19.255+02:00  INFO 2273 --- [           main] o.s.s.web.DefaultSecurityFilterChain     : Will not secure Mvc [pattern='/start-game']
2023-07-20T12:24:19.288+02:00  INFO 2273 --- [           main] c.e.D.DiceGameBeApplicationTests         : Started DiceGameBeApplicationTests in 1.063 seconds (process running for 1.442)
]]></system-out>
  </testcase>
</testsuite>